[debug] [2023-02-14T15:59:09.224Z] ----------------------------------------------------------------------
[debug] [2023-02-14T15:59:09.228Z] Command:       C:\Program Files\nodejs\node.exe C:\Users\cursosmañana\AppData\Roaming\npm\node_modules\firebase-tools\lib\bin\firebase.js serve --only hosting
[debug] [2023-02-14T15:59:09.230Z] CLI Version:   11.22.0
[debug] [2023-02-14T15:59:09.230Z] Platform:      win32
[debug] [2023-02-14T15:59:09.230Z] Node Version:  v18.12.1
[debug] [2023-02-14T15:59:09.232Z] Time:          Tue Feb 14 2023 16:59:09 GMT+0100 (hora estándar de Europa central)
[debug] [2023-02-14T15:59:09.233Z] ----------------------------------------------------------------------
[debug] 
[debug] [2023-02-14T15:59:09.241Z] >>> [apiv2][query] GET https://firebase-public.firebaseio.com/cli.json [none]
[debug] [2023-02-14T15:59:09.527Z] > command requires scopes: ["email","openid","https://www.googleapis.com/auth/cloudplatformprojects.readonly","https://www.googleapis.com/auth/firebase","https://www.googleapis.com/auth/cloud-platform"]
[debug] [2023-02-14T15:59:09.527Z] > authorizing via signed-in user (samaformacom@gmail.com)
[debug] [2023-02-14T15:59:09.527Z] [iam] checking project friendlychatcristian for permissions ["firebase.projects.get"]
[debug] [2023-02-14T15:59:09.527Z] > refreshing access token with scopes: []
[debug] [2023-02-14T15:59:09.527Z] >>> [apiv2][query] POST https://www.googleapis.com/oauth2/v3/token [none]
[debug] [2023-02-14T15:59:09.527Z] >>> [apiv2][body] POST https://www.googleapis.com/oauth2/v3/token [omitted]
[debug] [2023-02-14T15:59:09.699Z] <<< [apiv2][status] POST https://www.googleapis.com/oauth2/v3/token 200
[debug] [2023-02-14T15:59:09.699Z] <<< [apiv2][body] POST https://www.googleapis.com/oauth2/v3/token [omitted]
[debug] [2023-02-14T15:59:09.714Z] >>> [apiv2][query] POST https://cloudresourcemanager.googleapis.com/v1/projects/friendlychatcristian:testIamPermissions [none]
[debug] [2023-02-14T15:59:09.714Z] >>> [apiv2][(partial)header] POST https://cloudresourcemanager.googleapis.com/v1/projects/friendlychatcristian:testIamPermissions x-goog-quota-user=projects/friendlychatcristian
[debug] [2023-02-14T15:59:09.714Z] >>> [apiv2][body] POST https://cloudresourcemanager.googleapis.com/v1/projects/friendlychatcristian:testIamPermissions {"permissions":["firebase.projects.get"]}
[debug] [2023-02-14T15:59:09.807Z] <<< [apiv2][status] GET https://firebase-public.firebaseio.com/cli.json 200
[debug] [2023-02-14T15:59:09.807Z] <<< [apiv2][body] GET https://firebase-public.firebaseio.com/cli.json {"cloudBuildErrorAfter":1594252800000,"cloudBuildWarnAfter":1590019200000,"defaultNode10After":1594252800000,"minVersion":"3.0.5","node8DeploysDisabledAfter":1613390400000,"node8RuntimeDisabledAfter":1615809600000,"node8WarnAfter":1600128000000}
[debug] [2023-02-14T15:59:10.398Z] <<< [apiv2][status] POST https://cloudresourcemanager.googleapis.com/v1/projects/friendlychatcristian:testIamPermissions 200
[debug] [2023-02-14T15:59:10.399Z] <<< [apiv2][body] POST https://cloudresourcemanager.googleapis.com/v1/projects/friendlychatcristian:testIamPermissions {"permissions":["firebase.projects.get"]}
[debug] [2023-02-14T15:59:10.401Z] >>> [apiv2][query] GET https://firebase.googleapis.com/v1beta1/projects/friendlychatcristian [none]
[debug] [2023-02-14T15:59:10.683Z] <<< [apiv2][status] GET https://firebase.googleapis.com/v1beta1/projects/friendlychatcristian 200
[debug] [2023-02-14T15:59:10.683Z] <<< [apiv2][body] GET https://firebase.googleapis.com/v1beta1/projects/friendlychatcristian {"projectId":"friendlychatcristian","projectNumber":"112925061767","displayName":"FriendlyChatCristian","name":"projects/friendlychatcristian","resources":{"hostingSite":"friendlychatcristian","realtimeDatabaseInstance":"friendlychatcristian-default-rtdb","storageBucket":"friendlychatcristian.appspot.com","locationId":"europe-west3"},"state":"ACTIVE","etag":"1_e7b5ca03-6f1c-40b4-b9ce-c95c36e6561e"}
[debug] [2023-02-14T15:59:10.699Z] >>> [apiv2][query] GET https://firebasehosting.googleapis.com/v1beta1/projects/friendlychatcristian/sites 
[debug] [2023-02-14T15:59:11.645Z] <<< [apiv2][status] GET https://firebasehosting.googleapis.com/v1beta1/projects/friendlychatcristian/sites 200
[debug] [2023-02-14T15:59:11.646Z] <<< [apiv2][body] GET https://firebasehosting.googleapis.com/v1beta1/projects/friendlychatcristian/sites {"sites":[{"name":"projects/friendlychatcristian/sites/friendlychatcristian","defaultUrl":"https://friendlychatcristian.web.app","appId":"1:112925061767:web:69334c72e824faba493e22","type":"DEFAULT_SITE"}]}
[debug] [2023-02-14T15:59:11.646Z] >>> [apiv2][query] GET https://firebase.googleapis.com/v1beta1/projects/friendlychatcristian/webApps/1:112925061767:web:69334c72e824faba493e22/config [none]
[debug] [2023-02-14T15:59:12.521Z] <<< [apiv2][status] GET https://firebase.googleapis.com/v1beta1/projects/friendlychatcristian/webApps/1:112925061767:web:69334c72e824faba493e22/config 200
[debug] [2023-02-14T15:59:12.521Z] <<< [apiv2][body] GET https://firebase.googleapis.com/v1beta1/projects/friendlychatcristian/webApps/1:112925061767:web:69334c72e824faba493e22/config {"projectId":"friendlychatcristian","appId":"1:112925061767:web:69334c72e824faba493e22","databaseURL":"https://friendlychatcristian-default-rtdb.europe-west1.firebasedatabase.app","storageBucket":"friendlychatcristian.appspot.com","locationId":"europe-west3","apiKey":"AIzaSyA0YNb0X2Vgmn5PBpvHLEy1fDiBuWeCMRE","authDomain":"friendlychatcristian.firebaseapp.com","messagingSenderId":"112925061767","measurementId":"G-Z7LDSFQ8MT"}
[debug] [2023-02-14T15:59:12.529Z] >>> [apiv2][query] GET https://firebase.googleapis.com/v1beta1/projects/friendlychatcristian [none]
[debug] [2023-02-14T15:59:12.796Z] <<< [apiv2][status] GET https://firebase.googleapis.com/v1beta1/projects/friendlychatcristian 200
[debug] [2023-02-14T15:59:12.796Z] <<< [apiv2][body] GET https://firebase.googleapis.com/v1beta1/projects/friendlychatcristian {"projectId":"friendlychatcristian","projectNumber":"112925061767","displayName":"FriendlyChatCristian","name":"projects/friendlychatcristian","resources":{"hostingSite":"friendlychatcristian","realtimeDatabaseInstance":"friendlychatcristian-default-rtdb","storageBucket":"friendlychatcristian.appspot.com","locationId":"europe-west3"},"state":"ACTIVE","etag":"1_e7b5ca03-6f1c-40b4-b9ce-c95c36e6561e"}
[info] i  hosting[friendlychatcristian]: Serving hosting files from: ./public {"metadata":{"emulator":{"name":"hosting"},"message":"Serving hosting files from: \u001b[1m./public\u001b[22m"}}
[info] +  hosting[friendlychatcristian]: Local server: http://localhost:5000 {"metadata":{"emulator":{"name":"hosting"},"message":"Local server: \u001b[4m\u001b[1mhttp://localhost:5000\u001b[22m\u001b[24m"}}
[info] i  hosting: ::1 - - [14/Feb/2023:16:02:45 +0000] "GET / HTTP/1.1" 200 - "-" "Mozilla/5.0 (Windows NT 10.0; Win64; x64) AppleWebKit/537.36 (KHTML, like Gecko) Chrome/110.0.0.0 Safari/537.36" {"metadata":{"emulator":{"name":"hosting"},"message":"::1 - - [14/Feb/2023:16:02:45 +0000] \"GET / HTTP/1.1\" 200 - \"-\" \"Mozilla/5.0 (Windows NT 10.0; Win64; x64) AppleWebKit/537.36 (KHTML, like Gecko) Chrome/110.0.0.0 Safari/537.36\""}}
[info] i  hosting: ::1 - - [14/Feb/2023:16:02:46 +0000] "GET /scripts/main.js HTTP/1.1" 200 - "http://localhost:5000/" "Mozilla/5.0 (Windows NT 10.0; Win64; x64) AppleWebKit/537.36 (KHTML, like Gecko) Chrome/110.0.0.0 Safari/537.36" {"metadata":{"emulator":{"name":"hosting"},"message":"::1 - - [14/Feb/2023:16:02:46 +0000] \"GET /scripts/main.js HTTP/1.1\" 200 - \"http://localhost:5000/\" \"Mozilla/5.0 (Windows NT 10.0; Win64; x64) AppleWebKit/537.36 (KHTML, like Gecko) Chrome/110.0.0.0 Safari/537.36\""}}
[info] i  hosting: ::1 - - [14/Feb/2023:16:30:29 +0000] "GET / HTTP/1.1" 200 - "-" "Mozilla/5.0 (Windows NT 10.0; Win64; x64) AppleWebKit/537.36 (KHTML, like Gecko) Chrome/110.0.0.0 Safari/537.36" {"metadata":{"emulator":{"name":"hosting"},"message":"::1 - - [14/Feb/2023:16:30:29 +0000] \"GET / HTTP/1.1\" 200 - \"-\" \"Mozilla/5.0 (Windows NT 10.0; Win64; x64) AppleWebKit/537.36 (KHTML, like Gecko) Chrome/110.0.0.0 Safari/537.36\""}}
[info] i  hosting: ::1 - - [14/Feb/2023:16:30:30 +0000] "GET /scripts/main.js HTTP/1.1" 200 - "http://localhost:5000/" "Mozilla/5.0 (Windows NT 10.0; Win64; x64) AppleWebKit/537.36 (KHTML, like Gecko) Chrome/110.0.0.0 Safari/537.36" {"metadata":{"emulator":{"name":"hosting"},"message":"::1 - - [14/Feb/2023:16:30:30 +0000] \"GET /scripts/main.js HTTP/1.1\" 200 - \"http://localhost:5000/\" \"Mozilla/5.0 (Windows NT 10.0; Win64; x64) AppleWebKit/537.36 (KHTML, like Gecko) Chrome/110.0.0.0 Safari/537.36\""}}
[info] i  hosting: ::1 - - [14/Feb/2023:16:30:31 +0000] "GET /favicon.ico HTTP/1.1" 404 150 "http://localhost:5000/" "Mozilla/5.0 (Windows NT 10.0; Win64; x64) AppleWebKit/537.36 (KHTML, like Gecko) Chrome/110.0.0.0 Safari/537.36" {"metadata":{"emulator":{"name":"hosting"},"message":"::1 - - [14/Feb/2023:16:30:31 +0000] \"GET /favicon.ico HTTP/1.1\" 404 150 \"http://localhost:5000/\" \"Mozilla/5.0 (Windows NT 10.0; Win64; x64) AppleWebKit/537.36 (KHTML, like Gecko) Chrome/110.0.0.0 Safari/537.36\""}}
[debug] [2023-02-14T18:04:48.261Z] ----------------------------------------------------------------------
[debug] [2023-02-14T18:04:48.261Z] Command:       C:\Program Files\nodejs\node.exe C:\Users\cursosmañana\AppData\Roaming\npm\node_modules\firebase-tools\lib\bin\firebase.js serve --only hosting
[debug] [2023-02-14T18:04:48.261Z] CLI Version:   11.22.0
[debug] [2023-02-14T18:04:48.261Z] Platform:      win32
[debug] [2023-02-14T18:04:48.261Z] Node Version:  v18.12.1
[debug] [2023-02-14T18:04:48.261Z] Time:          Tue Feb 14 2023 19:04:48 GMT+0100 (hora estándar de Europa central)
[debug] [2023-02-14T18:04:48.261Z] ----------------------------------------------------------------------
[debug] 
[debug] [2023-02-14T18:04:48.558Z] > command requires scopes: ["email","openid","https://www.googleapis.com/auth/cloudplatformprojects.readonly","https://www.googleapis.com/auth/firebase","https://www.googleapis.com/auth/cloud-platform"]
[debug] [2023-02-14T18:04:48.558Z] > authorizing via signed-in user (samaformacom@gmail.com)
[debug] [2023-02-14T18:04:48.558Z] [iam] checking project friendlychatcristian for permissions ["firebase.projects.get"]
[debug] [2023-02-14T18:04:48.558Z] > refreshing access token with scopes: []
[debug] [2023-02-14T18:04:48.574Z] >>> [apiv2][query] POST https://www.googleapis.com/oauth2/v3/token [none]
[debug] [2023-02-14T18:04:48.574Z] >>> [apiv2][body] POST https://www.googleapis.com/oauth2/v3/token [omitted]
[debug] [2023-02-14T18:04:48.714Z] <<< [apiv2][status] POST https://www.googleapis.com/oauth2/v3/token 200
[debug] [2023-02-14T18:04:48.714Z] <<< [apiv2][body] POST https://www.googleapis.com/oauth2/v3/token [omitted]
[debug] [2023-02-14T18:04:48.730Z] >>> [apiv2][query] POST https://cloudresourcemanager.googleapis.com/v1/projects/friendlychatcristian:testIamPermissions [none]
[debug] [2023-02-14T18:04:48.730Z] >>> [apiv2][(partial)header] POST https://cloudresourcemanager.googleapis.com/v1/projects/friendlychatcristian:testIamPermissions x-goog-quota-user=projects/friendlychatcristian
[debug] [2023-02-14T18:04:48.730Z] >>> [apiv2][body] POST https://cloudresourcemanager.googleapis.com/v1/projects/friendlychatcristian:testIamPermissions {"permissions":["firebase.projects.get"]}
[debug] [2023-02-14T18:04:49.403Z] <<< [apiv2][status] POST https://cloudresourcemanager.googleapis.com/v1/projects/friendlychatcristian:testIamPermissions 200
[debug] [2023-02-14T18:04:49.403Z] <<< [apiv2][body] POST https://cloudresourcemanager.googleapis.com/v1/projects/friendlychatcristian:testIamPermissions {"permissions":["firebase.projects.get"]}
[debug] [2023-02-14T18:04:49.403Z] >>> [apiv2][query] GET https://firebase.googleapis.com/v1beta1/projects/friendlychatcristian [none]
[debug] [2023-02-14T18:04:49.684Z] <<< [apiv2][status] GET https://firebase.googleapis.com/v1beta1/projects/friendlychatcristian 200
[debug] [2023-02-14T18:04:49.684Z] <<< [apiv2][body] GET https://firebase.googleapis.com/v1beta1/projects/friendlychatcristian {"projectId":"friendlychatcristian","projectNumber":"112925061767","displayName":"FriendlyChatCristian","name":"projects/friendlychatcristian","resources":{"hostingSite":"friendlychatcristian","realtimeDatabaseInstance":"friendlychatcristian-default-rtdb","storageBucket":"friendlychatcristian.appspot.com","locationId":"europe-west3"},"state":"ACTIVE","etag":"1_878d93bc-9539-44e5-a331-4504bef0297b"}
[debug] [2023-02-14T18:04:49.692Z] >>> [apiv2][query] GET https://firebasehosting.googleapis.com/v1beta1/projects/friendlychatcristian/sites 
[debug] [2023-02-14T18:04:50.542Z] <<< [apiv2][status] GET https://firebasehosting.googleapis.com/v1beta1/projects/friendlychatcristian/sites 200
[debug] [2023-02-14T18:04:50.542Z] <<< [apiv2][body] GET https://firebasehosting.googleapis.com/v1beta1/projects/friendlychatcristian/sites {"sites":[{"name":"projects/friendlychatcristian/sites/friendlychatcristian","defaultUrl":"https://friendlychatcristian.web.app","appId":"1:112925061767:web:69334c72e824faba493e22","type":"DEFAULT_SITE"}]}
[debug] [2023-02-14T18:04:50.542Z] >>> [apiv2][query] GET https://firebase.googleapis.com/v1beta1/projects/friendlychatcristian/webApps/1:112925061767:web:69334c72e824faba493e22/config [none]
[debug] [2023-02-14T18:04:51.542Z] <<< [apiv2][status] GET https://firebase.googleapis.com/v1beta1/projects/friendlychatcristian/webApps/1:112925061767:web:69334c72e824faba493e22/config 200
[debug] [2023-02-14T18:04:51.542Z] <<< [apiv2][body] GET https://firebase.googleapis.com/v1beta1/projects/friendlychatcristian/webApps/1:112925061767:web:69334c72e824faba493e22/config {"projectId":"friendlychatcristian","appId":"1:112925061767:web:69334c72e824faba493e22","databaseURL":"https://friendlychatcristian-default-rtdb.europe-west1.firebasedatabase.app","storageBucket":"friendlychatcristian.appspot.com","locationId":"europe-west3","apiKey":"AIzaSyA0YNb0X2Vgmn5PBpvHLEy1fDiBuWeCMRE","authDomain":"friendlychatcristian.firebaseapp.com","messagingSenderId":"112925061767","measurementId":"G-Z7LDSFQ8MT"}
[debug] [2023-02-14T18:04:51.562Z] >>> [apiv2][query] GET https://firebase.googleapis.com/v1beta1/projects/friendlychatcristian [none]
[debug] [2023-02-14T18:04:51.830Z] <<< [apiv2][status] GET https://firebase.googleapis.com/v1beta1/projects/friendlychatcristian 200
[debug] [2023-02-14T18:04:51.831Z] <<< [apiv2][body] GET https://firebase.googleapis.com/v1beta1/projects/friendlychatcristian {"projectId":"friendlychatcristian","projectNumber":"112925061767","displayName":"FriendlyChatCristian","name":"projects/friendlychatcristian","resources":{"hostingSite":"friendlychatcristian","realtimeDatabaseInstance":"friendlychatcristian-default-rtdb","storageBucket":"friendlychatcristian.appspot.com","locationId":"europe-west3"},"state":"ACTIVE","etag":"1_878d93bc-9539-44e5-a331-4504bef0297b"}
[info] i  hosting[friendlychatcristian]: Serving hosting files from: ./public {"metadata":{"emulator":{"name":"hosting"},"message":"Serving hosting files from: \u001b[1m./public\u001b[22m"}}
[info] +  hosting[friendlychatcristian]: Local server: http://localhost:5000 {"metadata":{"emulator":{"name":"hosting"},"message":"Local server: \u001b[4m\u001b[1mhttp://localhost:5000\u001b[22m\u001b[24m"}}
[info] i  hosting: ::1 - - [14/Feb/2023:18:05:02 +0000] "GET / HTTP/1.1" 200 - "-" "Mozilla/5.0 (Windows NT 10.0; Win64; x64) AppleWebKit/537.36 (KHTML, like Gecko) Chrome/110.0.0.0 Safari/537.36" {"metadata":{"emulator":{"name":"hosting"},"message":"::1 - - [14/Feb/2023:18:05:02 +0000] \"GET / HTTP/1.1\" 200 - \"-\" \"Mozilla/5.0 (Windows NT 10.0; Win64; x64) AppleWebKit/537.36 (KHTML, like Gecko) Chrome/110.0.0.0 Safari/537.36\""}}
[info] i  hosting: ::1 - - [14/Feb/2023:18:05:03 +0000] "GET /scripts/main.js HTTP/1.1" 200 - "http://localhost:5000/" "Mozilla/5.0 (Windows NT 10.0; Win64; x64) AppleWebKit/537.36 (KHTML, like Gecko) Chrome/110.0.0.0 Safari/537.36" {"metadata":{"emulator":{"name":"hosting"},"message":"::1 - - [14/Feb/2023:18:05:03 +0000] \"GET /scripts/main.js HTTP/1.1\" 200 - \"http://localhost:5000/\" \"Mozilla/5.0 (Windows NT 10.0; Win64; x64) AppleWebKit/537.36 (KHTML, like Gecko) Chrome/110.0.0.0 Safari/537.36\""}}
[info] i  hosting: ::1 - - [14/Feb/2023:18:05:04 +0000] "GET /favicon.ico HTTP/1.1" 404 150 "http://localhost:5000/" "Mozilla/5.0 (Windows NT 10.0; Win64; x64) AppleWebKit/537.36 (KHTML, like Gecko) Chrome/110.0.0.0 Safari/537.36" {"metadata":{"emulator":{"name":"hosting"},"message":"::1 - - [14/Feb/2023:18:05:04 +0000] \"GET /favicon.ico HTTP/1.1\" 404 150 \"http://localhost:5000/\" \"Mozilla/5.0 (Windows NT 10.0; Win64; x64) AppleWebKit/537.36 (KHTML, like Gecko) Chrome/110.0.0.0 Safari/537.36\""}}
[debug] [2023-02-15T14:50:15.933Z] ----------------------------------------------------------------------
[debug] [2023-02-15T14:50:15.938Z] Command:       C:\Program Files\nodejs\node.exe C:\Users\cursosmañana\AppData\Roaming\npm\node_modules\firebase-tools\lib\bin\firebase.js serve --only hosting
[debug] [2023-02-15T14:50:15.939Z] CLI Version:   11.22.0
[debug] [2023-02-15T14:50:15.940Z] Platform:      win32
[debug] [2023-02-15T14:50:15.940Z] Node Version:  v18.12.1
[debug] [2023-02-15T14:50:15.958Z] Time:          Wed Feb 15 2023 15:50:15 GMT+0100 (hora estándar de Europa central)
[debug] [2023-02-15T14:50:15.959Z] ----------------------------------------------------------------------
[debug] 
[debug] [2023-02-15T14:50:16.835Z] > command requires scopes: ["email","openid","https://www.googleapis.com/auth/cloudplatformprojects.readonly","https://www.googleapis.com/auth/firebase","https://www.googleapis.com/auth/cloud-platform"]
[debug] [2023-02-15T14:50:16.837Z] > authorizing via signed-in user (samaformacom@gmail.com)
[debug] [2023-02-15T14:50:16.838Z] [iam] checking project friendlychatcristian for permissions ["firebase.projects.get"]
[debug] [2023-02-15T14:50:16.842Z] > refreshing access token with scopes: []
[debug] [2023-02-15T14:50:16.848Z] >>> [apiv2][query] POST https://www.googleapis.com/oauth2/v3/token [none]
[debug] [2023-02-15T14:50:16.849Z] >>> [apiv2][body] POST https://www.googleapis.com/oauth2/v3/token [omitted]
[debug] [2023-02-15T14:50:17.159Z] <<< [apiv2][status] POST https://www.googleapis.com/oauth2/v3/token 200
[debug] [2023-02-15T14:50:17.160Z] <<< [apiv2][body] POST https://www.googleapis.com/oauth2/v3/token [omitted]
[debug] [2023-02-15T14:50:17.206Z] >>> [apiv2][query] POST https://cloudresourcemanager.googleapis.com/v1/projects/friendlychatcristian:testIamPermissions [none]
[debug] [2023-02-15T14:50:17.208Z] >>> [apiv2][(partial)header] POST https://cloudresourcemanager.googleapis.com/v1/projects/friendlychatcristian:testIamPermissions x-goog-quota-user=projects/friendlychatcristian
[debug] [2023-02-15T14:50:17.209Z] >>> [apiv2][body] POST https://cloudresourcemanager.googleapis.com/v1/projects/friendlychatcristian:testIamPermissions {"permissions":["firebase.projects.get"]}
[debug] [2023-02-15T14:50:17.889Z] <<< [apiv2][status] POST https://cloudresourcemanager.googleapis.com/v1/projects/friendlychatcristian:testIamPermissions 200
[debug] [2023-02-15T14:50:17.889Z] <<< [apiv2][body] POST https://cloudresourcemanager.googleapis.com/v1/projects/friendlychatcristian:testIamPermissions {"permissions":["firebase.projects.get"]}
[debug] [2023-02-15T14:50:17.891Z] >>> [apiv2][query] GET https://firebase.googleapis.com/v1beta1/projects/friendlychatcristian [none]
[debug] [2023-02-15T14:50:18.178Z] <<< [apiv2][status] GET https://firebase.googleapis.com/v1beta1/projects/friendlychatcristian 200
[debug] [2023-02-15T14:50:18.178Z] <<< [apiv2][body] GET https://firebase.googleapis.com/v1beta1/projects/friendlychatcristian {"projectId":"friendlychatcristian","projectNumber":"112925061767","displayName":"FriendlyChatCristian","name":"projects/friendlychatcristian","resources":{"hostingSite":"friendlychatcristian","realtimeDatabaseInstance":"friendlychatcristian-default-rtdb","storageBucket":"friendlychatcristian.appspot.com","locationId":"europe-west3"},"state":"ACTIVE","etag":"1_878d93bc-9539-44e5-a331-4504bef0297b"}
[debug] [2023-02-15T14:50:18.186Z] >>> [apiv2][query] GET https://firebasehosting.googleapis.com/v1beta1/projects/friendlychatcristian/sites 
[debug] [2023-02-15T14:50:19.094Z] <<< [apiv2][status] GET https://firebasehosting.googleapis.com/v1beta1/projects/friendlychatcristian/sites 200
[debug] [2023-02-15T14:50:19.095Z] <<< [apiv2][body] GET https://firebasehosting.googleapis.com/v1beta1/projects/friendlychatcristian/sites {"sites":[{"name":"projects/friendlychatcristian/sites/friendlychatcristian","defaultUrl":"https://friendlychatcristian.web.app","appId":"1:112925061767:web:69334c72e824faba493e22","type":"DEFAULT_SITE"}]}
[debug] [2023-02-15T14:50:19.096Z] >>> [apiv2][query] GET https://firebase.googleapis.com/v1beta1/projects/friendlychatcristian/webApps/1:112925061767:web:69334c72e824faba493e22/config [none]
[debug] [2023-02-15T14:50:20.042Z] <<< [apiv2][status] GET https://firebase.googleapis.com/v1beta1/projects/friendlychatcristian/webApps/1:112925061767:web:69334c72e824faba493e22/config 200
[debug] [2023-02-15T14:50:20.042Z] <<< [apiv2][body] GET https://firebase.googleapis.com/v1beta1/projects/friendlychatcristian/webApps/1:112925061767:web:69334c72e824faba493e22/config {"projectId":"friendlychatcristian","appId":"1:112925061767:web:69334c72e824faba493e22","databaseURL":"https://friendlychatcristian-default-rtdb.europe-west1.firebasedatabase.app","storageBucket":"friendlychatcristian.appspot.com","locationId":"europe-west3","apiKey":"AIzaSyA0YNb0X2Vgmn5PBpvHLEy1fDiBuWeCMRE","authDomain":"friendlychatcristian.firebaseapp.com","messagingSenderId":"112925061767","measurementId":"G-Z7LDSFQ8MT"}
[debug] [2023-02-15T14:50:20.050Z] >>> [apiv2][query] GET https://firebase.googleapis.com/v1beta1/projects/friendlychatcristian [none]
[debug] [2023-02-15T14:50:20.304Z] <<< [apiv2][status] GET https://firebase.googleapis.com/v1beta1/projects/friendlychatcristian 200
[debug] [2023-02-15T14:50:20.304Z] <<< [apiv2][body] GET https://firebase.googleapis.com/v1beta1/projects/friendlychatcristian {"projectId":"friendlychatcristian","projectNumber":"112925061767","displayName":"FriendlyChatCristian","name":"projects/friendlychatcristian","resources":{"hostingSite":"friendlychatcristian","realtimeDatabaseInstance":"friendlychatcristian-default-rtdb","storageBucket":"friendlychatcristian.appspot.com","locationId":"europe-west3"},"state":"ACTIVE","etag":"1_878d93bc-9539-44e5-a331-4504bef0297b"}
[info] i  hosting[friendlychatcristian]: Serving hosting files from: ./public {"metadata":{"emulator":{"name":"hosting"},"message":"Serving hosting files from: \u001b[1m./public\u001b[22m"}}
[info] +  hosting[friendlychatcristian]: Local server: http://localhost:5000 {"metadata":{"emulator":{"name":"hosting"},"message":"Local server: \u001b[4m\u001b[1mhttp://localhost:5000\u001b[22m\u001b[24m"}}
